0 verbose cli /home/raushan/.nvm/versions/node/v20.19.5/bin/node /home/raushan/.nvm/versions/node/v20.19.5/bin/npm
1 info using npm@9.9.4
2 info using node@v20.19.5
3 timing npm:load:whichnode Completed in 3ms
4 timing config:load:defaults Completed in 3ms
5 timing config:load:file:/home/raushan/.nvm/versions/node/v20.19.5/lib/node_modules/npm/npmrc Completed in 2ms
6 timing config:load:builtin Completed in 2ms
7 timing config:load:cli Completed in 5ms
8 timing config:load:env Completed in 1ms
9 timing config:load:file:/home/raushan/Raushan-dev/.npmrc Completed in 0ms
10 timing config:load:project Completed in 5ms
11 timing config:load:file:/home/raushan/.npmrc Completed in 0ms
12 timing config:load:user Completed in 0ms
13 timing config:load:file:/home/raushan/.nvm/versions/node/v20.19.5/etc/npmrc Completed in 0ms
14 timing config:load:global Completed in 0ms
15 timing config:load:setEnvs Completed in 1ms
16 timing config:load Completed in 18ms
17 timing npm:load:configload Completed in 18ms
18 timing config:load:flatten Completed in 2ms
19 timing npm:load:mkdirpcache Completed in 1ms
20 timing npm:load:mkdirplogs Completed in 0ms
21 verbose title npm install
22 verbose argv "install" "--cache" ".npm-cache" "--no-audit" "--no-fund"
23 timing npm:load:setTitle Completed in 1ms
24 timing npm:load:display Completed in 0ms
25 verbose logfile logs-max:10 dir:/home/raushan/Raushan-dev/.npm-cache/_logs/2026-03-11T12_03_05_170Z-
26 verbose logfile /home/raushan/Raushan-dev/.npm-cache/_logs/2026-03-11T12_03_05_170Z-debug-0.log
27 timing npm:load:logFile Completed in 9ms
28 timing npm:load:timers Completed in 0ms
29 timing npm:load:configScope Completed in 0ms
30 timing npm:load Completed in 46ms
31 timing arborist:ctor Completed in 1ms
32 silly logfile done cleaning log files
33 timing arborist:ctor Completed in 0ms
34 timing idealTree:init Completed in 17ms
35 timing idealTree:userRequests Completed in 0ms
36 silly idealTree buildDeps
37 silly fetch manifest @emailjs/browser@^4.4.1
38 silly fetch manifest framer-motion@^12.9.1
39 silly fetch manifest lucide-react@^0.503.0
40 silly fetch manifest react@^18.3.1
41 silly fetch manifest react-dom@^18.3.1
42 silly fetch manifest @vitejs/plugin-react@^4.3.4
43 silly fetch manifest autoprefixer@^10.4.20
44 silly fetch manifest postcss@^8.5.3
45 silly fetch manifest tailwindcss@^3.4.17
46 silly fetch manifest vite@^6.3.5
47 silly placeDep ROOT @emailjs/browser@ OK for: raushan-portfolio@1.0.0 want: ^4.4.1
48 silly placeDep ROOT @vitejs/plugin-react@ OK for: raushan-portfolio@1.0.0 want: ^4.3.4
49 silly placeDep ROOT autoprefixer@ OK for: raushan-portfolio@1.0.0 want: ^10.4.20
50 silly placeDep ROOT framer-motion@ OK for: raushan-portfolio@1.0.0 want: ^12.9.1
51 silly placeDep ROOT lucide-react@ OK for: raushan-portfolio@1.0.0 want: ^0.503.0
52 silly placeDep ROOT postcss@ OK for: raushan-portfolio@1.0.0 want: ^8.5.3
53 silly placeDep ROOT react@ OK for: raushan-portfolio@1.0.0 want: ^18.3.1
54 silly placeDep ROOT react-dom@ OK for: raushan-portfolio@1.0.0 want: ^18.3.1
55 silly placeDep ROOT tailwindcss@ OK for: raushan-portfolio@1.0.0 want: ^3.4.17
56 silly placeDep ROOT vite@ OK for: raushan-portfolio@1.0.0 want: ^6.3.5
57 timing idealTree:#root Completed in 700730ms
58 timing idealTree:node_modules/@emailjs/browser Completed in 0ms
59 timing idealTree:node_modules/@vitejs/plugin-react Completed in 0ms
60 timing idealTree:node_modules/autoprefixer Completed in 0ms
61 timing idealTree:node_modules/framer-motion Completed in 0ms
62 timing idealTree:node_modules/lucide-react Completed in 0ms
63 timing idealTree:node_modules/postcss Completed in 0ms
64 timing idealTree:node_modules/react Completed in 0ms
65 timing idealTree:node_modules/react-dom Completed in 0ms
66 timing idealTree:node_modules/tailwindcss Completed in 0ms
67 timing idealTree:node_modules/vite Completed in 0ms
68 timing idealTree:buildDeps Completed in 700731ms
69 timing idealTree:fixDepFlags Completed in 1ms
70 timing idealTree Completed in 700750ms
71 timing command:install Completed in 700828ms
72 verbose type system
73 verbose stack FetchError: request to https://registry.npmjs.org/@emailjs%2fbrowser failed, reason: getaddrinfo EAI_AGAIN registry.npmjs.org
73 verbose stack     at ClientRequest.<anonymous> (/home/raushan/.nvm/versions/node/v20.19.5/lib/node_modules/npm/node_modules/minipass-fetch/lib/index.js:130:14)
73 verbose stack     at ClientRequest.emit (node:events:524:28)
73 verbose stack     at emitErrorEvent (node:_http_client:101:11)
73 verbose stack     at TLSSocket.socketErrorListener (node:_http_client:504:5)
73 verbose stack     at TLSSocket.emit (node:events:536:35)
73 verbose stack     at emitErrorNT (node:internal/streams/destroy:169:8)
73 verbose stack     at emitErrorCloseNT (node:internal/streams/destroy:128:3)
73 verbose stack     at process.processTicksAndRejections (node:internal/process/task_queues:82:21)
74 verbose cwd /home/raushan/Raushan-dev
75 verbose Linux 6.8.0-101-generic
76 verbose node v20.19.5
77 verbose npm  v9.9.4
78 error code EAI_AGAIN
79 error syscall getaddrinfo
80 error errno EAI_AGAIN
81 error request to https://registry.npmjs.org/@emailjs%2fbrowser failed, reason: getaddrinfo EAI_AGAIN registry.npmjs.org
82 verbose exit 1
83 timing npm Completed in 701089ms
84 verbose unfinished npm timer reify 1773230585432
85 verbose unfinished npm timer reify:loadTrees 1773230585506
86 verbose code 1
87 error A complete log of this run can be found in: /home/raushan/Raushan-dev/.npm-cache/_logs/2026-03-11T12_03_05_170Z-debug-0.log
